#-----------------------------------------------------------
# Vivado v2020.2 (64-bit)
# SW Build 3064766 on Wed Nov 18 09:12:45 MST 2020
# IP Build 3064653 on Wed Nov 18 14:17:31 MST 2020
# Start of session at: Sat Apr 17 17:14:33 2021
# Process ID: 15088
# Current directory: C:/Users/samue/Documents/GitHub/Digital_electronic_project/Vivado_project
# Command line: vivado.exe -gui_launcher_event rodinguilauncherevent8040 C:\Users\samue\Documents\GitHub\Digital_electronic_project\Vivado_project\DE1_project.xpr
# Log file: C:/Users/samue/Documents/GitHub/Digital_electronic_project/Vivado_project/vivado.log
# Journal file: C:/Users/samue/Documents/GitHub/Digital_electronic_project/Vivado_project\vivado.jou
#-----------------------------------------------------------
start_gui
open_project C:/Users/samue/Documents/GitHub/Digital_electronic_project/Vivado_project/DE1_project.xpr
INFO: [Project 1-313] Project file moved from 'C:/Users/Ventus/Documents/VivadoDocs/Digital_electronic_project/Vivado_project' since last save.
WARNING: [filemgmt 56-2] Default IP Output Path : Could not find the directory 'C:/Users/samue/Documents/GitHub/Digital_electronic_project/Vivado_project/DE1_project.gen/sources_1', nor could it be found using path 'C:/Users/Ventus/Documents/VivadoDocs/Digital_electronic_project/Vivado_project/DE1_project.gen/sources_1'.
Scanning sources...
Finished scanning sources
INFO: [IP_Flow 19-234] Refreshing IP repositories
INFO: [IP_Flow 19-1704] No user IP repositories specified
INFO: [IP_Flow 19-2313] Loaded Vivado IP repository 'C:/Xilinx/Vivado/2020.2/data/ip'.
update_compile_order -fileset sources_1
close [ open C:/Users/samue/Documents/GitHub/Digital_electronic_project/Vivado_project/DE1_project.srcs/sources_1/new/gen.vhd w ]
add_files C:/Users/samue/Documents/GitHub/Digital_electronic_project/Vivado_project/DE1_project.srcs/sources_1/new/gen.vhd
update_compile_order -fileset sources_1
set_property SOURCE_SET sources_1 [get_filesets sim_1]
close [ open C:/Users/samue/Documents/GitHub/Digital_electronic_project/Vivado_project/DE1_project.srcs/sim_1/new/tb_gen.vhd w ]
add_files -fileset sim_1 C:/Users/samue/Documents/GitHub/Digital_electronic_project/Vivado_project/DE1_project.srcs/sim_1/new/tb_gen.vhd
update_compile_order -fileset sim_1
launch_simulation
Command: launch_simulation 
INFO: [Vivado 12-5682] Launching behavioral simulation in 'C:/Users/samue/Documents/GitHub/Digital_electronic_project/Vivado_project/DE1_project.sim/sim_1/behav/xsim'
INFO: [SIM-utils-51] Simulation object is 'sim_1'
INFO: [SIM-utils-54] Inspecting design source files for 'tb_sensor_driver' in fileset 'sim_1'...
INFO: [USF-XSim-97] Finding global include files...
INFO: [USF-XSim-98] Fetching design files from 'sim_1'...
INFO: [USF-XSim-2] XSim::Compile design
INFO: [USF-XSim-61] Executing 'COMPILE and ANALYZE' step in 'C:/Users/samue/Documents/GitHub/Digital_electronic_project/Vivado_project/DE1_project.sim/sim_1/behav/xsim'
"xvhdl --incr --relax -prj tb_sensor_driver_vhdl.prj"
INFO: [VRFC 10-163] Analyzing VHDL file "C:/Users/samue/Documents/GitHub/Digital_electronic_project/Vivado_project/DE1_project.srcs/sources_1/new/sensor_driver.vhd" into library xil_defaultlib
INFO: [VRFC 10-3107] analyzing entity 'sensor_driver'
INFO: [VRFC 10-163] Analyzing VHDL file "C:/Users/samue/Documents/GitHub/Digital_electronic_project/Vivado_project/DE1_project.srcs/sim_1/new/tb_sensor_driver.vhd" into library xil_defaultlib
INFO: [VRFC 10-3107] analyzing entity 'tb_sensor_driver'
INFO: [USF-XSim-69] 'compile' step finished in '1' seconds
INFO: [USF-XSim-3] XSim::Elaborate design
INFO: [USF-XSim-61] Executing 'ELABORATE' step in 'C:/Users/samue/Documents/GitHub/Digital_electronic_project/Vivado_project/DE1_project.sim/sim_1/behav/xsim'
"xelab -wto 5b13ab9846024f039042b7071c5528e5 --incr --debug typical --relax --mt 2 -L xil_defaultlib -L secureip --snapshot tb_sensor_driver_behav xil_defaultlib.tb_sensor_driver -log elaborate.log"
Vivado Simulator 2020.2
Copyright 1986-1999, 2001-2020 Xilinx, Inc. All Rights Reserved.
Running: C:/Xilinx/Vivado/2020.2/bin/unwrapped/win64.o/xelab.exe -wto 5b13ab9846024f039042b7071c5528e5 --incr --debug typical --relax --mt 2 -L xil_defaultlib -L secureip --snapshot tb_sensor_driver_behav xil_defaultlib.tb_sensor_driver -log elaborate.log 
Using 2 slave threads.
Starting static elaboration
Completed static elaboration
Starting simulation data flow analysis
Completed simulation data flow analysis
Time Resolution for simulation is 1ps
Compiling package std.standard
Compiling package std.textio
Compiling package ieee.std_logic_1164
Compiling package ieee.numeric_std
Compiling architecture behavioral of entity xil_defaultlib.sensor_driver [sensor_driver_default]
Compiling architecture behavioral of entity xil_defaultlib.tb_sensor_driver
Built simulation snapshot tb_sensor_driver_behav

****** Webtalk v2020.2 (64-bit)
  **** SW Build 3064766 on Wed Nov 18 09:12:45 MST 2020
  **** IP Build 3064653 on Wed Nov 18 14:17:31 MST 2020
    ** Copyright 1986-2020 Xilinx, Inc. All Rights Reserved.

source C:/Users/samue/Documents/GitHub/Digital_electronic_project/Vivado_project/DE1_project.sim/sim_1/behav/xsim/xsim.dir/tb_sensor_driver_behav/webtalk/xsim_webtalk.tcl -notrace
INFO: [Common 17-186] 'C:/Users/samue/Documents/GitHub/Digital_electronic_project/Vivado_project/DE1_project.sim/sim_1/behav/xsim/xsim.dir/tb_sensor_driver_behav/webtalk/usage_statistics_ext_xsim.xml' has been successfully sent to Xilinx on Sat Apr 17 17:42:38 2021. For additional details about this file, please refer to the WebTalk help file at C:/Xilinx/Vivado/2020.2/doc/webtalk_introduction.html.
INFO: [Common 17-206] Exiting Webtalk at Sat Apr 17 17:42:38 2021...
run_program: Time (s): cpu = 00:00:00 ; elapsed = 00:00:07 . Memory (MB): peak = 1015.133 ; gain = 0.000
INFO: [USF-XSim-69] 'elaborate' step finished in '7' seconds
INFO: [USF-XSim-4] XSim::Simulate design
INFO: [USF-XSim-61] Executing 'SIMULATE' step in 'C:/Users/samue/Documents/GitHub/Digital_electronic_project/Vivado_project/DE1_project.sim/sim_1/behav/xsim'
INFO: [USF-XSim-98] *** Running xsim
   with args "tb_sensor_driver_behav -key {Behavioral:sim_1:Functional:tb_sensor_driver} -tclbatch {tb_sensor_driver.tcl} -view {C:/Users/samue/Documents/GitHub/Digital_electronic_project/Vivado_project/tb_sensor_driver_behav.wcfg} -log {simulate.log}"
INFO: [USF-XSim-8] Loading simulator feature
Vivado Simulator 2020.2
Time resolution is 1 ps
open_wave_config C:/Users/samue/Documents/GitHub/Digital_electronic_project/Vivado_project/tb_sensor_driver_behav.wcfg
source tb_sensor_driver.tcl
# set curr_wave [current_wave_config]
# if { [string length $curr_wave] == 0 } {
#   if { [llength [get_objects]] > 0} {
#     add_wave /
#     set_property needs_save false [current_wave_config]
#   } else {
#      send_msg_id Add_Wave-1 WARNING "No top level signals found. Simulator will start without a wave window. If you want to open a wave window go to 'File->New Waveform Configuration' or type 'create_wave_config' in the TCL console."
#   }
# }
# run 220ms
INFO: [Common 17-41] Interrupt caught. Command should exit soon.
INFO: [Common 17-344] 'run' was cancelled
INFO: [Common 17-344] 'source' was cancelled
xsim: Time (s): cpu = 00:00:08 ; elapsed = 00:00:08 . Memory (MB): peak = 1015.133 ; gain = 0.000
INFO: [Common 17-344] 'xsim' was cancelled
INFO: [Vivado 12-5357] 'simulate' step aborted
launch_simulation: Time (s): cpu = 00:00:09 ; elapsed = 00:00:17 . Memory (MB): peak = 1015.133 ; gain = 0.000
INFO: [Common 17-344] 'launch_simulation' was cancelled
close_sim
INFO: [Simtcl 6-16] Simulation closed
close_sim: Time (s): cpu = 00:00:02 ; elapsed = 00:00:08 . Memory (MB): peak = 1015.133 ; gain = 0.000
exit
INFO: [Common 17-206] Exiting Vivado at Sat Apr 17 17:43:48 2021...
