#-----------------------------------------------------------
# Vivado v2020.2 (64-bit)
# SW Build 3064766 on Wed Nov 18 09:12:45 MST 2020
# IP Build 3064653 on Wed Nov 18 14:17:31 MST 2020
# Start of session at: Tue Apr 27 19:53:09 2021
# Process ID: 22504
# Current directory: C:/Users/samue/Documents/GitHub/Digital_electronic_project/Vivado_project
# Command line: vivado.exe -gui_launcher_event rodinguilauncherevent27716 C:\Users\samue\Documents\GitHub\Digital_electronic_project\Vivado_project\DE1_project.xpr
# Log file: C:/Users/samue/Documents/GitHub/Digital_electronic_project/Vivado_project/vivado.log
# Journal file: C:/Users/samue/Documents/GitHub/Digital_electronic_project/Vivado_project\vivado.jou
#-----------------------------------------------------------
start_gui
open_project C:/Users/samue/Documents/GitHub/Digital_electronic_project/Vivado_project/DE1_project.xpr
INFO: [Project 1-313] Project file moved from 'C:/Users/Ventus/Documents/VivadoDocs/Digital_electronic_project/Vivado_project' since last save.
WARNING: [filemgmt 56-2] Default IP Output Path : Could not find the directory 'C:/Users/samue/Documents/GitHub/Digital_electronic_project/Vivado_project/DE1_project.gen/sources_1', nor could it be found using path 'C:/Users/Ventus/Documents/VivadoDocs/Digital_electronic_project/Vivado_project/DE1_project.gen/sources_1'.
CRITICAL WARNING: [Project 1-311] Could not find the file 'C:/Users/samue/Documents/GitHub/Digital_electronic_project/Vivado_project/DE1_project.srcs/sim_1/new/tb_sound_memory.vhd', nor could it be found using path 'C:/Users/Ventus/Documents/VivadoDocs/Digital_electronic_project/Vivado_project/DE1_project.srcs/sim_1/new/tb_sound_memory.vhd'.
Scanning sources...
Finished scanning sources
INFO: [IP_Flow 19-234] Refreshing IP repositories
INFO: [IP_Flow 19-1704] No user IP repositories specified
INFO: [IP_Flow 19-2313] Loaded Vivado IP repository 'C:/Xilinx/Vivado/2020.2/data/ip'.
open_project: Time (s): cpu = 00:00:10 ; elapsed = 00:00:05 . Memory (MB): peak = 1019.797 ; gain = 0.000
update_compile_order -fileset sources_1
exit
INFO: [Common 17-206] Exiting Vivado at Tue Apr 27 19:59:35 2021...
